[2015-09-28 13:43:06] local.ERROR: exception 'InvalidArgumentException' with message 'View [sidebar-template] not found.' in /home/xuan/Projects/OzUnimate/vendor/laravel/framework/src/Illuminate/View/FileViewFinder.php:137
Stack trace:
#0 /home/xuan/Projects/OzUnimate/vendor/laravel/framework/src/Illuminate/View/FileViewFinder.php(79): Illuminate\View\FileViewFinder->findInPaths('sidebar-templat...', Array)
#1 /home/xuan/Projects/OzUnimate/vendor/laravel/framework/src/Illuminate/View/Factory.php(151): Illuminate\View\FileViewFinder->find('sidebar-templat...')
#2 /home/xuan/Projects/OzUnimate/storage/framework/views/cfa8b467687b3402923b2afdd4d0871a(16): Illuminate\View\Factory->make('sidebar-templat...', Array)
#3 /home/xuan/Projects/OzUnimate/vendor/laravel/framework/src/Illuminate/View/Engines/PhpEngine.php(42): include('/home/xuan/Proj...')
#4 /home/xuan/Projects/OzUnimate/vendor/laravel/framework/src/Illuminate/View/Engines/CompilerEngine.php(58): Illuminate\View\Engines\PhpEngine->evaluatePath('/home/xuan/Proj...', Array)
#5 /home/xuan/Projects/OzUnimate/vendor/laravel/framework/src/Illuminate/View/View.php(138): Illuminate\View\Engines\CompilerEngine->get('/home/xuan/Proj...', Array)
#6 /home/xuan/Projects/OzUnimate/vendor/laravel/framework/src/Illuminate/View/View.php(107): Illuminate\View\View->getContents()
#7 /home/xuan/Projects/OzUnimate/vendor/laravel/framework/src/Illuminate/View/View.php(81): Illuminate\View\View->renderContents()
#8 /home/xuan/Projects/OzUnimate/vendor/laravel/framework/src/Illuminate/Http/Response.php(51): Illuminate\View\View->render()
#9 /home/xuan/Projects/OzUnimate/vendor/symfony/http-foundation/Response.php(202): Illuminate\Http\Response->setContent(Object(Illuminate\View\View))
#10 /home/xuan/Projects/OzUnimate/vendor/laravel/framework/src/Illuminate/Routing/Router.php(1225): Symfony\Component\HttpFoundation\Response->__construct(Object(Illuminate\View\View))
#11 /home/xuan/Projects/OzUnimate/vendor/laravel/framework/src/Illuminate/Routing/ControllerDispatcher.php(113): Illuminate\Routing\Router->prepareResponse(Object(Illuminate\Http\Request), Object(Illuminate\View\View))
#12 [internal function]: Illuminate\Routing\ControllerDispatcher->Illuminate\Routing\{closure}(Object(Illuminate\Http\Request))
#13 /home/xuan/Projects/OzUnimate/vendor/laravel/framework/src/Illuminate/Pipeline/Pipeline.php(139): call_user_func(Object(Closure), Object(Illuminate\Http\Request))
#14 [internal function]: Illuminate\Pipeline\Pipeline->Illuminate\Pipeline\{closure}(Object(Illuminate\Http\Request))
#15 /home/xuan/Projects/OzUnimate/vendor/laravel/framework/src/Illuminate/Pipeline/Pipeline.php(103): call_user_func(Object(Closure), Object(Illuminate\Http\Request))
#16 /home/xuan/Projects/OzUnimate/vendor/laravel/framework/src/Illuminate/Routing/ControllerDispatcher.php(114): Illuminate\Pipeline\Pipeline->then(Object(Closure))
#17 /home/xuan/Projects/OzUnimate/vendor/laravel/framework/src/Illuminate/Routing/ControllerDispatcher.php(69): Illuminate\Routing\ControllerDispatcher->callWithinStack(Object(App\Http\Controllers\MainController), Object(Illuminate\Routing\Route), Object(Illuminate\Http\Request), 'index')
#18 /home/xuan/Projects/OzUnimate/vendor/laravel/framework/src/Illuminate/Routing/Route.php(201): Illuminate\Routing\ControllerDispatcher->dispatch(Object(Illuminate\Routing\Route), Object(Illuminate\Http\Request), 'App\Http\Contro...', 'index')
#19 /home/xuan/Projects/OzUnimate/vendor/laravel/framework/src/Illuminate/Routing/Route.php(134): Illuminate\Routing\Route->runWithCustomDispatcher(Object(Illuminate\Http\Request))
#20 /home/xuan/Projects/OzUnimate/vendor/laravel/framework/src/Illuminate/Routing/Router.php(704): Illuminate\Routing\Route->run(Object(Illuminate\Http\Request))
#21 [internal function]: Illuminate\Routing\Router->Illuminate\Routing\{closure}(Object(Illuminate\Http\Request))
#22 /home/xuan/Projects/OzUnimate/vendor/laravel/framework/src/Illuminate/Pipeline/Pipeline.php(139): call_user_func(Object(Closure), Object(Illuminate\Http\Request))
#23 [internal function]: Illuminate\Pipeline\Pipeline->Illuminate\Pipeline\{closure}(Object(Illuminate\Http\Request))
#24 /home/xuan/Projects/OzUnimate/vendor/laravel/framework/src/Illuminate/Pipeline/Pipeline.php(103): call_user_func(Object(Closure), Object(Illuminate\Http\Request))
#25 /home/xuan/Projects/OzUnimate/vendor/laravel/framework/src/Illuminate/Routing/Router.php(706): Illuminate\Pipeline\Pipeline->then(Object(Closure))
#26 /home/xuan/Projects/OzUnimate/vendor/laravel/framework/src/Illuminate/Routing/Router.php(671): Illuminate\Routing\Router->runRouteWithinStack(Object(Illuminate\Routing\Route), Object(Illuminate\Http\Request))
#27 /home/xuan/Projects/OzUnimate/vendor/laravel/framework/src/Illuminate/Routing/Router.php(631): Illuminate\Routing\Router->dispatchToRoute(Object(Illuminate\Http\Request))
#28 /home/xuan/Projects/OzUnimate/vendor/laravel/framework/src/Illuminate/Foundation/Http/Kernel.php(236): Illuminate\Routing\Router->dispatch(Object(Illuminate\Http\Request))
#29 [internal function]: Illuminate\Foundation\Http\Kernel->Illuminate\Foundation\Http\{closure}(Object(Illuminate\Http\Request))
#30 /home/xuan/Projects/OzUnimate/vendor/laravel/framework/src/Illuminate/Pipeline/Pipeline.php(139): call_user_func(Object(Closure), Object(Illuminate\Http\Request))
#31 /home/xuan/Projects/OzUnimate/vendor/laravel/framework/src/Illuminate/Foundation/Http/Middleware/VerifyCsrfToken.php(50): Illuminate\Pipeline\Pipeline->Illuminate\Pipeline\{closure}(Object(Illuminate\Http\Request))
#32 [internal function]: Illuminate\Foundation\Http\Middleware\VerifyCsrfToken->handle(Object(Illuminate\Http\Request), Object(Closure))
#33 /home/xuan/Projects/OzUnimate/vendor/laravel/framework/src/Illuminate/Pipeline/Pipeline.php(124): call_user_func_array(Array, Array)
#34 /home/xuan/Projects/OzUnimate/vendor/laravel/framework/src/Illuminate/View/Middleware/ShareErrorsFromSession.php(49): Illuminate\Pipeline\Pipeline->Illuminate\Pipeline\{closure}(Object(Illuminate\Http\Request))
#35 [internal function]: Illuminate\View\Middleware\ShareErrorsFromSession->handle(Object(Illuminate\Http\Request), Object(Closure))
#36 /home/xuan/Projects/OzUnimate/vendor/laravel/framework/src/Illuminate/Pipeline/Pipeline.php(124): call_user_func_array(Array, Array)
#37 /home/xuan/Projects/OzUnimate/vendor/laravel/framework/src/Illuminate/Session/Middleware/StartSession.php(62): Illuminate\Pipeline\Pipeline->Illuminate\Pipeline\{closure}(Object(Illuminate\Http\Request))
#38 [internal function]: Illuminate\Session\Middleware\StartSession->handle(Object(Illuminate\Http\Request), Object(Closure))
#39 /home/xuan/Projects/OzUnimate/vendor/laravel/framework/src/Illuminate/Pipeline/Pipeline.php(124): call_user_func_array(Array, Array)
#40 /home/xuan/Projects/OzUnimate/vendor/laravel/framework/src/Illuminate/Cookie/Middleware/AddQueuedCookiesToResponse.php(37): Illuminate\Pipeline\Pipeline->Illuminate\Pipeline\{closure}(Object(Illuminate\Http\Request))
#41 [internal function]: Illuminate\Cookie\Middleware\AddQueuedCookiesToResponse->handle(Object(Illuminate\Http\Request), Object(Closure))
#42 /home/xuan/Projects/OzUnimate/vendor/laravel/framework/src/Illuminate/Pipeline/Pipeline.php(124): call_user_func_array(Array, Array)
#43 /home/xuan/Projects/OzUnimate/vendor/laravel/framework/src/Illuminate/Cookie/Middleware/EncryptCookies.php(59): Illuminate\Pipeline\Pipeline->Illuminate\Pipeline\{closure}(Object(Illuminate\Http\Request))
#44 [internal function]: Illuminate\Cookie\Middleware\EncryptCookies->handle(Object(Illuminate\Http\Request), Object(Closure))
#45 /home/xuan/Projects/OzUnimate/vendor/laravel/framework/src/Illuminate/Pipeline/Pipeline.php(124): call_user_func_array(Array, Array)
#46 /home/xuan/Projects/OzUnimate/vendor/laravel/framework/src/Illuminate/Foundation/Http/Middleware/CheckForMaintenanceMode.php(42): Illuminate\Pipeline\Pipeline->Illuminate\Pipeline\{closure}(Object(Illuminate\Http\Request))
#47 [internal function]: Illuminate\Foundation\Http\Middleware\CheckForMaintenanceMode->handle(Object(Illuminate\Http\Request), Object(Closure))
#48 /home/xuan/Projects/OzUnimate/vendor/laravel/framework/src/Illuminate/Pipeline/Pipeline.php(124): call_user_func_array(Array, Array)
#49 [internal function]: Illuminate\Pipeline\Pipeline->Illuminate\Pipeline\{closure}(Object(Illuminate\Http\Request))
#50 /home/xuan/Projects/OzUnimate/vendor/laravel/framework/src/Illuminate/Pipeline/Pipeline.php(103): call_user_func(Object(Closure), Object(Illuminate\Http\Request))
#51 /home/xuan/Projects/OzUnimate/vendor/laravel/framework/src/Illuminate/Foundation/Http/Kernel.php(122): Illuminate\Pipeline\Pipeline->then(Object(Closure))
#52 /home/xuan/Projects/OzUnimate/vendor/laravel/framework/src/Illuminate/Foundation/Http/Kernel.php(87): Illuminate\Foundation\Http\Kernel->sendRequestThroughRouter(Object(Illuminate\Http\Request))
#53 /home/xuan/Projects/OzUnimate/public/index.php(54): Illuminate\Foundation\Http\Kernel->handle(Object(Illuminate\Http\Request))
#54 /home/xuan/Projects/OzUnimate/server.php(21): require_once('/home/xuan/Proj...')
#55 {main}

Next exception 'ErrorException' with message 'View [sidebar-template] not found. (View: /home/xuan/Projects/OzUnimate/resources/views/main/main-page.blade.php)' in /home/xuan/Projects/OzUnimate/vendor/laravel/framework/src/Illuminate/View/FileViewFinder.php:137
Stack trace:
#0 /home/xuan/Projects/OzUnimate/vendor/laravel/framework/src/Illuminate/View/Engines/PhpEngine.php(44): Illuminate\View\Engines\CompilerEngine->handleViewException(Object(InvalidArgumentException), 1)
#1 /home/xuan/Projects/OzUnimate/vendor/laravel/framework/src/Illuminate/View/Engines/CompilerEngine.php(58): Illuminate\View\Engines\PhpEngine->evaluatePath('/home/xuan/Proj...', Array)
#2 /home/xuan/Projects/OzUnimate/vendor/laravel/framework/src/Illuminate/View/View.php(138): Illuminate\View\Engines\CompilerEngine->get('/home/xuan/Proj...', Array)
#3 /home/xuan/Projects/OzUnimate/vendor/laravel/framework/src/Illuminate/View/View.php(107): Illuminate\View\View->getContents()
#4 /home/xuan/Projects/OzUnimate/vendor/laravel/framework/src/Illuminate/View/View.php(81): Illuminate\View\View->renderContents()
#5 /home/xuan/Projects/OzUnimate/vendor/laravel/framework/src/Illuminate/Http/Response.php(51): Illuminate\View\View->render()
#6 /home/xuan/Projects/OzUnimate/vendor/symfony/http-foundation/Response.php(202): Illuminate\Http\Response->setContent(Object(Illuminate\View\View))
#7 /home/xuan/Projects/OzUnimate/vendor/laravel/framework/src/Illuminate/Routing/Router.php(1225): Symfony\Component\HttpFoundation\Response->__construct(Object(Illuminate\View\View))
#8 /home/xuan/Projects/OzUnimate/vendor/laravel/framework/src/Illuminate/Routing/ControllerDispatcher.php(113): Illuminate\Routing\Router->prepareResponse(Object(Illuminate\Http\Request), Object(Illuminate\View\View))
#9 [internal function]: Illuminate\Routing\ControllerDispatcher->Illuminate\Routing\{closure}(Object(Illuminate\Http\Request))
#10 /home/xuan/Projects/OzUnimate/vendor/laravel/framework/src/Illuminate/Pipeline/Pipeline.php(139): call_user_func(Object(Closure), Object(Illuminate\Http\Request))
#11 [internal function]: Illuminate\Pipeline\Pipeline->Illuminate\Pipeline\{closure}(Object(Illuminate\Http\Request))
#12 /home/xuan/Projects/OzUnimate/vendor/laravel/framework/src/Illuminate/Pipeline/Pipeline.php(103): call_user_func(Object(Closure), Object(Illuminate\Http\Request))
#13 /home/xuan/Projects/OzUnimate/vendor/laravel/framework/src/Illuminate/Routing/ControllerDispatcher.php(114): Illuminate\Pipeline\Pipeline->then(Object(Closure))
#14 /home/xuan/Projects/OzUnimate/vendor/laravel/framework/src/Illuminate/Routing/ControllerDispatcher.php(69): Illuminate\Routing\ControllerDispatcher->callWithinStack(Object(App\Http\Controllers\MainController), Object(Illuminate\Routing\Route), Object(Illuminate\Http\Request), 'index')
#15 /home/xuan/Projects/OzUnimate/vendor/laravel/framework/src/Illuminate/Routing/Route.php(201): Illuminate\Routing\ControllerDispatcher->dispatch(Object(Illuminate\Routing\Route), Object(Illuminate\Http\Request), 'App\Http\Contro...', 'index')
#16 /home/xuan/Projects/OzUnimate/vendor/laravel/framework/src/Illuminate/Routing/Route.php(134): Illuminate\Routing\Route->runWithCustomDispatcher(Object(Illuminate\Http\Request))
#17 /home/xuan/Projects/OzUnimate/vendor/laravel/framework/src/Illuminate/Routing/Router.php(704): Illuminate\Routing\Route->run(Object(Illuminate\Http\Request))
#18 [internal function]: Illuminate\Routing\Router->Illuminate\Routing\{closure}(Object(Illuminate\Http\Request))
#19 /home/xuan/Projects/OzUnimate/vendor/laravel/framework/src/Illuminate/Pipeline/Pipeline.php(139): call_user_func(Object(Closure), Object(Illuminate\Http\Request))
#20 [internal function]: Illuminate\Pipeline\Pipeline->Illuminate\Pipeline\{closure}(Object(Illuminate\Http\Request))
#21 /home/xuan/Projects/OzUnimate/vendor/laravel/framework/src/Illuminate/Pipeline/Pipeline.php(103): call_user_func(Object(Closure), Object(Illuminate\Http\Request))
#22 /home/xuan/Projects/OzUnimate/vendor/laravel/framework/src/Illuminate/Routing/Router.php(706): Illuminate\Pipeline\Pipeline->then(Object(Closure))
#23 /home/xuan/Projects/OzUnimate/vendor/laravel/framework/src/Illuminate/Routing/Router.php(671): Illuminate\Routing\Router->runRouteWithinStack(Object(Illuminate\Routing\Route), Object(Illuminate\Http\Request))
#24 /home/xuan/Projects/OzUnimate/vendor/laravel/framework/src/Illuminate/Routing/Router.php(631): Illuminate\Routing\Router->dispatchToRoute(Object(Illuminate\Http\Request))
#25 /home/xuan/Projects/OzUnimate/vendor/laravel/framework/src/Illuminate/Foundation/Http/Kernel.php(236): Illuminate\Routing\Router->dispatch(Object(Illuminate\Http\Request))
#26 [internal function]: Illuminate\Foundation\Http\Kernel->Illuminate\Foundation\Http\{closure}(Object(Illuminate\Http\Request))
#27 /home/xuan/Projects/OzUnimate/vendor/laravel/framework/src/Illuminate/Pipeline/Pipeline.php(139): call_user_func(Object(Closure), Object(Illuminate\Http\Request))
#28 /home/xuan/Projects/OzUnimate/vendor/laravel/framework/src/Illuminate/Foundation/Http/Middleware/VerifyCsrfToken.php(50): Illuminate\Pipeline\Pipeline->Illuminate\Pipeline\{closure}(Object(Illuminate\Http\Request))
#29 [internal function]: Illuminate\Foundation\Http\Middleware\VerifyCsrfToken->handle(Object(Illuminate\Http\Request), Object(Closure))
#30 /home/xuan/Projects/OzUnimate/vendor/laravel/framework/src/Illuminate/Pipeline/Pipeline.php(124): call_user_func_array(Array, Array)
#31 /home/xuan/Projects/OzUnimate/vendor/laravel/framework/src/Illuminate/View/Middleware/ShareErrorsFromSession.php(49): Illuminate\Pipeline\Pipeline->Illuminate\Pipeline\{closure}(Object(Illuminate\Http\Request))
#32 [internal function]: Illuminate\View\Middleware\ShareErrorsFromSession->handle(Object(Illuminate\Http\Request), Object(Closure))
#33 /home/xuan/Projects/OzUnimate/vendor/laravel/framework/src/Illuminate/Pipeline/Pipeline.php(124): call_user_func_array(Array, Array)
#34 /home/xuan/Projects/OzUnimate/vendor/laravel/framework/src/Illuminate/Session/Middleware/StartSession.php(62): Illuminate\Pipeline\Pipeline->Illuminate\Pipeline\{closure}(Object(Illuminate\Http\Request))
#35 [internal function]: Illuminate\Session\Middleware\StartSession->handle(Object(Illuminate\Http\Request), Object(Closure))
#36 /home/xuan/Projects/OzUnimate/vendor/laravel/framework/src/Illuminate/Pipeline/Pipeline.php(124): call_user_func_array(Array, Array)
#37 /home/xuan/Projects/OzUnimate/vendor/laravel/framework/src/Illuminate/Cookie/Middleware/AddQueuedCookiesToResponse.php(37): Illuminate\Pipeline\Pipeline->Illuminate\Pipeline\{closure}(Object(Illuminate\Http\Request))
#38 [internal function]: Illuminate\Cookie\Middleware\AddQueuedCookiesToResponse->handle(Object(Illuminate\Http\Request), Object(Closure))
#39 /home/xuan/Projects/OzUnimate/vendor/laravel/framework/src/Illuminate/Pipeline/Pipeline.php(124): call_user_func_array(Array, Array)
#40 /home/xuan/Projects/OzUnimate/vendor/laravel/framework/src/Illuminate/Cookie/Middleware/EncryptCookies.php(59): Illuminate\Pipeline\Pipeline->Illuminate\Pipeline\{closure}(Object(Illuminate\Http\Request))
#41 [internal function]: Illuminate\Cookie\Middleware\EncryptCookies->handle(Object(Illuminate\Http\Request), Object(Closure))
#42 /home/xuan/Projects/OzUnimate/vendor/laravel/framework/src/Illuminate/Pipeline/Pipeline.php(124): call_user_func_array(Array, Array)
#43 /home/xuan/Projects/OzUnimate/vendor/laravel/framework/src/Illuminate/Foundation/Http/Middleware/CheckForMaintenanceMode.php(42): Illuminate\Pipeline\Pipeline->Illuminate\Pipeline\{closure}(Object(Illuminate\Http\Request))
#44 [internal function]: Illuminate\Foundation\Http\Middleware\CheckForMaintenanceMode->handle(Object(Illuminate\Http\Request), Object(Closure))
#45 /home/xuan/Projects/OzUnimate/vendor/laravel/framework/src/Illuminate/Pipeline/Pipeline.php(124): call_user_func_array(Array, Array)
#46 [internal function]: Illuminate\Pipeline\Pipeline->Illuminate\Pipeline\{closure}(Object(Illuminate\Http\Request))
#47 /home/xuan/Projects/OzUnimate/vendor/laravel/framework/src/Illuminate/Pipeline/Pipeline.php(103): call_user_func(Object(Closure), Object(Illuminate\Http\Request))
#48 /home/xuan/Projects/OzUnimate/vendor/laravel/framework/src/Illuminate/Foundation/Http/Kernel.php(122): Illuminate\Pipeline\Pipeline->then(Object(Closure))
#49 /home/xuan/Projects/OzUnimate/vendor/laravel/framework/src/Illuminate/Foundation/Http/Kernel.php(87): Illuminate\Foundation\Http\Kernel->sendRequestThroughRouter(Object(Illuminate\Http\Request))
#50 /home/xuan/Projects/OzUnimate/public/index.php(54): Illuminate\Foundation\Http\Kernel->handle(Object(Illuminate\Http\Request))
#51 /home/xuan/Projects/OzUnimate/server.php(21): require_once('/home/xuan/Proj...')
#52 {main}  
